
*** Running vivado
    with args -log MULTIPLIER_16.vds -m64 -product Vivado -mode batch -messageDb vivado.pb -notrace -source MULTIPLIER_16.tcl


****** Vivado v2019.1 (64-bit)
  **** SW Build 2552052 on Fri May 24 14:49:42 MDT 2019
  **** IP Build 2548770 on Fri May 24 18:01:18 MDT 2019
    ** Copyright 1986-2019 Xilinx, Inc. All Rights Reserved.

source MULTIPLIER_16.tcl -notrace
Command: synth_design -top MULTIPLIER_16 -part xc7a35tcpg236-1
Starting synth_design
Attempting to get a license for feature 'Synthesis' and/or device 'xc7a35t'
INFO: [Common 17-349] Got license for feature 'Synthesis' and/or device 'xc7a35t'
INFO: [Device 21-403] Loading part xc7a35tcpg236-1
INFO: Launching helper process for spawning children vivado processes
INFO: Helper process launched with PID 2824 
---------------------------------------------------------------------------------
Starting RTL Elaboration : Time (s): cpu = 00:00:05 ; elapsed = 00:00:05 . Memory (MB): peak = 700.523 ; gain = 178.023
---------------------------------------------------------------------------------
INFO: [Synth 8-6157] synthesizing module 'MULTIPLIER_16' [C:/Users/Admin/Desktop/Working/EE2301-Intro-to-Logic-Desgins/Lab6-16BitMultiplier/Lab6-16BitMultiplier.srcs/sources_1/new/MULTIPLIER_16.v:1]
INFO: [Synth 8-6157] synthesizing module 'SHIFTREGISTER_8' [C:/Users/Admin/Desktop/Working/EE2301-Intro-to-Logic-Desgins/Lab6-16BitMultiplier/Lab6-16BitMultiplier.srcs/sources_1/new/SHIFTREGISTER_8.v:2]
INFO: [Synth 8-6157] synthesizing module 'MUX_16_8' [C:/Users/Admin/Desktop/Working/EE2301-Intro-to-Logic-Desgins/Lab6-16BitMultiplier/Lab6-16BitMultiplier.srcs/sources_1/new/MUX_16_8.v:1]
INFO: [Synth 8-6155] done synthesizing module 'MUX_16_8' (1#1) [C:/Users/Admin/Desktop/Working/EE2301-Intro-to-Logic-Desgins/Lab6-16BitMultiplier/Lab6-16BitMultiplier.srcs/sources_1/new/MUX_16_8.v:1]
INFO: [Synth 8-6155] done synthesizing module 'SHIFTREGISTER_8' (2#1) [C:/Users/Admin/Desktop/Working/EE2301-Intro-to-Logic-Desgins/Lab6-16BitMultiplier/Lab6-16BitMultiplier.srcs/sources_1/new/SHIFTREGISTER_8.v:2]
INFO: [Synth 8-6157] synthesizing module 'SUMMER_8' [C:/Users/Admin/Desktop/Working/EE2301-Intro-to-Logic-Desgins/Lab6-16BitMultiplier/Lab6-16BitMultiplier.srcs/sources_1/new/SUMMER_8.v:1]
INFO: [Synth 8-6155] done synthesizing module 'SUMMER_8' (3#1) [C:/Users/Admin/Desktop/Working/EE2301-Intro-to-Logic-Desgins/Lab6-16BitMultiplier/Lab6-16BitMultiplier.srcs/sources_1/new/SUMMER_8.v:1]
INFO: [Synth 8-6157] synthesizing module 'MUX_2_1' [C:/Users/Admin/Desktop/Working/EE2301-Intro-to-Logic-Desgins/Lab6-16BitMultiplier/Lab6-16BitMultiplier.srcs/sources_1/new/MUX_2_1.v:1]
INFO: [Synth 8-6155] done synthesizing module 'MUX_2_1' (4#1) [C:/Users/Admin/Desktop/Working/EE2301-Intro-to-Logic-Desgins/Lab6-16BitMultiplier/Lab6-16BitMultiplier.srcs/sources_1/new/MUX_2_1.v:1]
INFO: [Synth 8-6157] synthesizing module 'COUNTER_17' [C:/Users/Admin/Desktop/Working/EE2301-Intro-to-Logic-Desgins/Lab6-16BitMultiplier/Lab6-16BitMultiplier.srcs/sources_1/new/COUNTER_17.v:1]
ERROR: [Synth 8-434] mixed level sensitive and edge triggered event controls are not supported for synthesis [C:/Users/Admin/Desktop/Working/EE2301-Intro-to-Logic-Desgins/Lab6-16BitMultiplier/Lab6-16BitMultiplier.srcs/sources_1/new/COUNTER_17.v:7]
ERROR: [Synth 8-6156] failed synthesizing module 'COUNTER_17' [C:/Users/Admin/Desktop/Working/EE2301-Intro-to-Logic-Desgins/Lab6-16BitMultiplier/Lab6-16BitMultiplier.srcs/sources_1/new/COUNTER_17.v:1]
ERROR: [Synth 8-6156] failed synthesizing module 'MULTIPLIER_16' [C:/Users/Admin/Desktop/Working/EE2301-Intro-to-Logic-Desgins/Lab6-16BitMultiplier/Lab6-16BitMultiplier.srcs/sources_1/new/MULTIPLIER_16.v:1]
---------------------------------------------------------------------------------
Finished RTL Elaboration : Time (s): cpu = 00:00:06 ; elapsed = 00:00:06 . Memory (MB): peak = 763.758 ; gain = 241.258
---------------------------------------------------------------------------------
RTL Elaboration failed
INFO: [Common 17-83] Releasing license: Synthesis
13 Infos, 0 Warnings, 0 Critical Warnings and 4 Errors encountered.
synth_design failed
ERROR: [Common 17-69] Command failed: Synthesis failed - please see the console or run log file for details
INFO: [Common 17-206] Exiting Vivado at Mon Dec  2 07:27:33 2019...
