Vivado Simulator 2019.1
Copyright 1986-1999, 2001-2019 Xilinx, Inc. All Rights Reserved.
Running: C:/Xilinx/Vivado/2019.1/bin/unwrapped/win64.o/xelab.exe -wto 884c058f5ca943628b46db4c18a94a6d --incr --debug typical --relax --mt 2 -L xil_defaultlib -L unisims_ver -L unimacro_ver -L secureip -L xpm --snapshot showGlitchInlab_behav xil_defaultlib.showGlitchInlab xil_defaultlib.glbl -log elaborate.log 
Using 2 slave threads.
Starting static elaboration
Completed static elaboration
Starting simulation data flow analysis
Completed simulation data flow analysis
Time Resolution for simulation is 1ps
Compiling module xil_defaultlib.xup_and2(DELAY=0)
Compiling module xil_defaultlib.InlabGlitch_xup_and2_0_0
Compiling module xil_defaultlib.xup_and2(DELAY=5)
Compiling module xil_defaultlib.InlabGlitch_xup_and2_0_1
Compiling module xil_defaultlib.xup_inv(DELAY=0)
Compiling module xil_defaultlib.InlabGlitch_xup_inv_0_0
Compiling module xil_defaultlib.xup_inv
Compiling module xil_defaultlib.InlabGlitch_xup_inv_0_1
Compiling module xil_defaultlib.xup_or2
Compiling module xil_defaultlib.InlabGlitch_xup_or2_0_0
Compiling module xil_defaultlib.InlabGlitch_xup_or2_0_1
Compiling module xil_defaultlib.xup_or2(DELAY=5)
Compiling module xil_defaultlib.InlabGlitch_xup_or2_1_0
Compiling module xil_defaultlib.InlabGlitch
Compiling module xil_defaultlib.InlabGlitchOpositeChange_xup_and...
Compiling module xil_defaultlib.InlabGlitchOpositeChange_xup_and...
Compiling module xil_defaultlib.xup_inv(DELAY=5)
Compiling module xil_defaultlib.InlabGlitchOpositeChange_xup_inv...
Compiling module xil_defaultlib.InlabGlitchOpositeChange_xup_inv...
Compiling module xil_defaultlib.InlabGlitchOpositeChange_xup_or2...
Compiling module xil_defaultlib.InlabGlitchOpositeChange_xup_or2...
Compiling module xil_defaultlib.xup_or2(DELAY=0)
Compiling module xil_defaultlib.InlabGlitchOpositeChange_xup_or2...
Compiling module xil_defaultlib.InlabGlitchOpositeChange
Compiling module xil_defaultlib.InlabGlitchFixed_xup_and2_0_0
Compiling module xil_defaultlib.InlabGlitchFixed_xup_and2_1_0
Compiling module xil_defaultlib.InlabGlitchFixed_xup_and2_0_1
Compiling module xil_defaultlib.InlabGlitchFixed_xup_inv_0_0
Compiling module xil_defaultlib.InlabGlitchFixed_xup_inv_1_0
Compiling module xil_defaultlib.InlabGlitchFixed_xup_or2_0_0
Compiling module xil_defaultlib.InlabGlitchFixed_xup_or2_1_0
Compiling module xil_defaultlib.InlabGlitchFixed_xup_or2_2_0
Compiling module xil_defaultlib.InlabGlitchFixed_xup_or2_1_2
Compiling module xil_defaultlib.InlabGlitchFixed
Compiling module xil_defaultlib.showGlitchInlab
Compiling module xil_defaultlib.glbl
Built simulation snapshot showGlitchInlab_behav
