{'a': '0', 'b': '1', 'c': '1', 'f': 'u', 'f1': 'u', 'f2': 'u'}
f ['OR', ['a', ['AND', ['a', 'b']], 'b']]
f1 ['XOR', ['a', ['AND', ['a', 'b']], ['XOR', ['a', 'b', 'c']], 'c']]
f2 ['XOR', ['a', ['AND', ['f', 'f1']], ['XOR', ['a', 'b', 'c']], ['NOT', ['c']]]]
Do you wan to print all delay table?(y/n): -------------------------------------
a=0,b=0,c=0
f=1, f1=2, f2=4, 
-------------------------------------
-------------------------------------
a=0,b=0,c=1
f=1, f1=2, f2=4, 
-------------------------------------
-------------------------------------
a=0,b=1,c=0
f=1, f1=2, f2=5, 
-------------------------------------
-------------------------------------
a=0,b=1,c=1
f=1, f1=2, f2=5, 
-------------------------------------
-------------------------------------
a=1,b=0,c=0
f=1, f1=2, f2=5, 
-------------------------------------
-------------------------------------
a=1,b=0,c=1
f=1, f1=2, f2=5, 
-------------------------------------
-------------------------------------
a=1,b=1,c=0
f=1, f1=2, f2=5, 
-------------------------------------
-------------------------------------
a=1,b=1,c=1
f=1, f1=2, f2=5, 
-------------------------------------
